Gifs_Watcher/app/build/intermediates/manifest_merge_blame_file/debug/manifest-merger-blame-debug-report.txt
1<?xml version="1.0" encoding="utf-8"?>
2<manifest xmlns:android="http://schemas.android.com/apk/res/android"
3    package="com.example.gifs_watcher"
4    android:versionCode="1"
5    android:versionName="1.0" >
6
7    <uses-sdk
8        android:minSdkVersion="24"
9        android:targetSdkVersion="34" />
10
11    <uses-feature
11-->src\main\AndroidManifest.xml:5:5-7:36
12        android:name="android.hardware.camera"
12-->src\main\AndroidManifest.xml:6:9-47
13        android:required="false" />
13-->src\main\AndroidManifest.xml:7:9-33
14
15    <uses-permission android:name="android.permission.INTERNET" />
15-->src\main\AndroidManifest.xml:9:5-67
15-->src\main\AndroidManifest.xml:9:22-64
16    <uses-permission android:name="android.permission.CAMERA" />
16-->src\main\AndroidManifest.xml:10:5-64
16-->src\main\AndroidManifest.xml:10:22-62
17    <uses-permission android:name="android.permission.READ_EXTERNAL_STORAGE" />
17-->src\main\AndroidManifest.xml:11:5-79
17-->src\main\AndroidManifest.xml:11:22-77
18    <uses-permission android:name="android.permission.VIBRATE" />
18-->src\main\AndroidManifest.xml:12:5-65
18-->src\main\AndroidManifest.xml:12:22-63
19    <uses-permission android:name="android.permission.ACCESS_NETWORK_STATE" />
19-->src\main\AndroidManifest.xml:13:5-78
19-->src\main\AndroidManifest.xml:13:22-76
20    <uses-permission android:name="android.permission.WAKE_LOCK" />
20-->[com.google.android.gms:play-services-measurement:21.5.0] AndroidManifest.xml:25:5-68
20-->[com.google.android.gms:play-services-measurement:21.5.0] AndroidManifest.xml:25:22-65
21    <uses-permission android:name="com.google.android.finsky.permission.BIND_GET_INSTALL_REFERRER_SERVICE" />
21-->[com.google.android.gms:play-services-measurement:21.5.0] AndroidManifest.xml:26:5-110
21-->[com.google.android.gms:play-services-measurement:21.5.0] AndroidManifest.xml:26:22-107
22    <uses-permission android:name="com.google.android.gms.permission.AD_ID" />
22-->[com.google.android.gms:play-services-measurement-api:21.5.0] AndroidManifest.xml:25:5-79
22-->[com.google.android.gms:play-services-measurement-api:21.5.0] AndroidManifest.xml:25:22-76
23    <uses-permission android:name="android.permission.ACCESS_ADSERVICES_ATTRIBUTION" />
23-->[com.google.android.gms:play-services-measurement-api:21.5.0] AndroidManifest.xml:26:5-88
23-->[com.google.android.gms:play-services-measurement-api:21.5.0] AndroidManifest.xml:26:22-85
24    <uses-permission android:name="android.permission.ACCESS_ADSERVICES_AD_ID" />
24-->[com.google.android.gms:play-services-measurement-api:21.5.0] AndroidManifest.xml:27:5-82
24-->[com.google.android.gms:play-services-measurement-api:21.5.0] AndroidManifest.xml:27:22-79
25
26    <permission
26-->[androidx.core:core:1.9.0] AndroidManifest.xml:22:5-24:47
27        android:name="com.example.gifs_watcher.DYNAMIC_RECEIVER_NOT_EXPORTED_PERMISSION"
27-->[androidx.core:core:1.9.0] AndroidManifest.xml:23:9-81
28        android:protectionLevel="signature" />
28-->[androidx.core:core:1.9.0] AndroidManifest.xml:24:9-44
29
30    <uses-permission android:name="com.example.gifs_watcher.DYNAMIC_RECEIVER_NOT_EXPORTED_PERMISSION" />
30-->[androidx.core:core:1.9.0] AndroidManifest.xml:26:5-97
30-->[androidx.core:core:1.9.0] AndroidManifest.xml:26:22-94
31
32    <application
32-->src\main\AndroidManifest.xml:15:5-40:19
33        android:name="com.example.gifs_watcher.GifsWatcherApp"
33-->src\main\AndroidManifest.xml:16:9-39
34        android:allowBackup="true"
34-->src\main\AndroidManifest.xml:17:9-35
35        android:appComponentFactory="androidx.core.app.CoreComponentFactory"
35-->[androidx.core:core:1.9.0] AndroidManifest.xml:28:18-86
36        android:dataExtractionRules="@xml/data_extraction_rules"
36-->src\main\AndroidManifest.xml:18:9-65
37        android:debuggable="true"
38        android:extractNativeLibs="false"
39        android:fullBackupContent="@xml/backup_rules"
39-->src\main\AndroidManifest.xml:19:9-54
40        android:icon="@mipmap/ic_launcher"
40-->src\main\AndroidManifest.xml:20:9-43
41        android:label="@string/app_name"
41-->src\main\AndroidManifest.xml:21:9-41
42        android:roundIcon="@mipmap/ic_launcher_round"
42-->src\main\AndroidManifest.xml:22:9-54
43        android:supportsRtl="true"
43-->src\main\AndroidManifest.xml:23:9-35
44        android:theme="@style/Theme.Gifs_Watcher" >
44-->src\main\AndroidManifest.xml:24:9-50
45        <activity
45-->src\main\AndroidManifest.xml:26:9-33:20
46            android:name="com.example.gifs_watcher.views.splashscreen.SplashScreenActivity"
46-->src\main\AndroidManifest.xml:27:13-68
47            android:exported="true" >
47-->src\main\AndroidManifest.xml:28:13-36
48            <intent-filter>
48-->src\main\AndroidManifest.xml:29:13-32:29
49                <action android:name="android.intent.action.MAIN" />
49-->src\main\AndroidManifest.xml:30:17-69
49-->src\main\AndroidManifest.xml:30:25-66
50
51                <category android:name="android.intent.category.LAUNCHER" />
51-->src\main\AndroidManifest.xml:31:17-77
51-->src\main\AndroidManifest.xml:31:27-74
52            </intent-filter>
53        </activity>
54        <activity
54-->src\main\AndroidManifest.xml:34:9-39:20
55            android:name="com.example.gifs_watcher.views.main.MainActivity"
55-->src\main\AndroidManifest.xml:35:13-52
56            android:exported="true"
56-->src\main\AndroidManifest.xml:36:13-36
57            android:label="@string/app_name"
57-->src\main\AndroidManifest.xml:38:13-45
58            android:screenOrientation="portrait" >
58-->src\main\AndroidManifest.xml:37:13-49
59        </activity>
60        <activity
60-->[pub.devrel:easypermissions:3.0.0] AndroidManifest.xml:12:9-16:66
61            android:name="pub.devrel.easypermissions.AppSettingsDialogHolderActivity"
61-->[pub.devrel:easypermissions:3.0.0] AndroidManifest.xml:13:13-86
62            android:exported="false"
62-->[pub.devrel:easypermissions:3.0.0] AndroidManifest.xml:14:13-37
63            android:label=""
63-->[pub.devrel:easypermissions:3.0.0] AndroidManifest.xml:15:13-29
64            android:theme="@style/EasyPermissions.Transparent" />
64-->[pub.devrel:easypermissions:3.0.0] AndroidManifest.xml:16:13-63
65
66        <provider
66-->[androidx.emoji2:emoji2:1.2.0] AndroidManifest.xml:24:9-32:20
67            android:name="androidx.startup.InitializationProvider"
67-->[androidx.emoji2:emoji2:1.2.0] AndroidManifest.xml:25:13-67
68            android:authorities="com.example.gifs_watcher.androidx-startup"
68-->[androidx.emoji2:emoji2:1.2.0] AndroidManifest.xml:26:13-68
69            android:exported="false" >
69-->[androidx.emoji2:emoji2:1.2.0] AndroidManifest.xml:27:13-37
70            <meta-data
70-->[androidx.emoji2:emoji2:1.2.0] AndroidManifest.xml:29:13-31:52
71                android:name="androidx.emoji2.text.EmojiCompatInitializer"
71-->[androidx.emoji2:emoji2:1.2.0] AndroidManifest.xml:30:17-75
72                android:value="androidx.startup" />
72-->[androidx.emoji2:emoji2:1.2.0] AndroidManifest.xml:31:17-49
73            <meta-data
73-->[androidx.lifecycle:lifecycle-process:2.6.2] AndroidManifest.xml:29:13-31:52
74                android:name="androidx.lifecycle.ProcessLifecycleInitializer"
74-->[androidx.lifecycle:lifecycle-process:2.6.2] AndroidManifest.xml:30:17-78
75                android:value="androidx.startup" />
75-->[androidx.lifecycle:lifecycle-process:2.6.2] AndroidManifest.xml:31:17-49
76            <meta-data
76-->[androidx.profileinstaller:profileinstaller:1.3.0] AndroidManifest.xml:29:13-31:52
77                android:name="androidx.profileinstaller.ProfileInstallerInitializer"
77-->[androidx.profileinstaller:profileinstaller:1.3.0] AndroidManifest.xml:30:17-85
78                android:value="androidx.startup" />
78-->[androidx.profileinstaller:profileinstaller:1.3.0] AndroidManifest.xml:31:17-49
79        </provider>
80
81        <activity
81-->[com.google.firebase:firebase-auth:22.3.0] AndroidManifest.xml:29:9-46:20
82            android:name="com.google.firebase.auth.internal.GenericIdpActivity"
82-->[com.google.firebase:firebase-auth:22.3.0] AndroidManifest.xml:30:13-80
83            android:excludeFromRecents="true"
83-->[com.google.firebase:firebase-auth:22.3.0] AndroidManifest.xml:31:13-46
84            android:exported="true"
84-->[com.google.firebase:firebase-auth:22.3.0] AndroidManifest.xml:32:13-36
85            android:launchMode="singleTask"
85-->[com.google.firebase:firebase-auth:22.3.0] AndroidManifest.xml:33:13-44
86            android:theme="@android:style/Theme.Translucent.NoTitleBar" >
86-->[com.google.firebase:firebase-auth:22.3.0] AndroidManifest.xml:34:13-72
87            <intent-filter>
87-->[com.google.firebase:firebase-auth:22.3.0] AndroidManifest.xml:35:13-45:29
88                <action android:name="android.intent.action.VIEW" />
88-->[com.google.firebase:firebase-auth:22.3.0] AndroidManifest.xml:36:17-69
88-->[com.google.firebase:firebase-auth:22.3.0] AndroidManifest.xml:36:25-66
89
90                <category android:name="android.intent.category.DEFAULT" />
90-->[com.google.firebase:firebase-auth:22.3.0] AndroidManifest.xml:38:17-76
90-->[com.google.firebase:firebase-auth:22.3.0] AndroidManifest.xml:38:27-73
91                <category android:name="android.intent.category.BROWSABLE" />
91-->[com.google.firebase:firebase-auth:22.3.0] AndroidManifest.xml:39:17-78
91-->[com.google.firebase:firebase-auth:22.3.0] AndroidManifest.xml:39:27-75
92
93                <data
93-->[com.google.firebase:firebase-auth:22.3.0] AndroidManifest.xml:41:17-44:51
94                    android:host="firebase.auth"
94-->[com.google.firebase:firebase-auth:22.3.0] AndroidManifest.xml:42:21-49
95                    android:path="/"
95-->[com.google.firebase:firebase-auth:22.3.0] AndroidManifest.xml:43:21-37
96                    android:scheme="genericidp" />
96-->[com.google.firebase:firebase-auth:22.3.0] AndroidManifest.xml:44:21-48
97            </intent-filter>
98        </activity>
99        <activity
99-->[com.google.firebase:firebase-auth:22.3.0] AndroidManifest.xml:47:9-64:20
100            android:name="com.google.firebase.auth.internal.RecaptchaActivity"
100-->[com.google.firebase:firebase-auth:22.3.0] AndroidManifest.xml:48:13-79
101            android:excludeFromRecents="true"
101-->[com.google.firebase:firebase-auth:22.3.0] AndroidManifest.xml:49:13-46
102            android:exported="true"
102-->[com.google.firebase:firebase-auth:22.3.0] AndroidManifest.xml:50:13-36
103            android:launchMode="singleTask"
103-->[com.google.firebase:firebase-auth:22.3.0] AndroidManifest.xml:51:13-44
104            android:theme="@android:style/Theme.Translucent.NoTitleBar" >
104-->[com.google.firebase:firebase-auth:22.3.0] AndroidManifest.xml:52:13-72
105            <intent-filter>
105-->[com.google.firebase:firebase-auth:22.3.0] AndroidManifest.xml:53:13-63:29
106                <action android:name="android.intent.action.VIEW" />
106-->[com.google.firebase:firebase-auth:22.3.0] AndroidManifest.xml:36:17-69
106-->[com.google.firebase:firebase-auth:22.3.0] AndroidManifest.xml:36:25-66
107
108                <category android:name="android.intent.category.DEFAULT" />
108-->[com.google.firebase:firebase-auth:22.3.0] AndroidManifest.xml:38:17-76
108-->[com.google.firebase:firebase-auth:22.3.0] AndroidManifest.xml:38:27-73
109                <category android:name="android.intent.category.BROWSABLE" />
109-->[com.google.firebase:firebase-auth:22.3.0] AndroidManifest.xml:39:17-78
109-->[com.google.firebase:firebase-auth:22.3.0] AndroidManifest.xml:39:27-75
110
111                <data
111-->[com.google.firebase:firebase-auth:22.3.0] AndroidManifest.xml:41:17-44:51
112                    android:host="firebase.auth"
112-->[com.google.firebase:firebase-auth:22.3.0] AndroidManifest.xml:42:21-49
113                    android:path="/"
113-->[com.google.firebase:firebase-auth:22.3.0] AndroidManifest.xml:43:21-37
114                    android:scheme="recaptcha" />
114-->[com.google.firebase:firebase-auth:22.3.0] AndroidManifest.xml:44:21-48
115            </intent-filter>
116        </activity>
117
118        <service
118-->[com.google.firebase:firebase-auth:22.3.0] AndroidManifest.xml:66:9-72:19
119            android:name="com.google.firebase.components.ComponentDiscoveryService"
119-->[com.google.firebase:firebase-auth:22.3.0] AndroidManifest.xml:67:13-84
120            android:directBootAware="true"
120-->[com.google.firebase:firebase-common:20.4.2] AndroidManifest.xml:32:13-43
121            android:exported="false" >
121-->[com.google.firebase:firebase-auth:22.3.0] AndroidManifest.xml:68:13-37
122            <meta-data
122-->[com.google.firebase:firebase-auth:22.3.0] AndroidManifest.xml:69:13-71:85
123                android:name="com.google.firebase.components:com.google.firebase.auth.FirebaseAuthRegistrar"
123-->[com.google.firebase:firebase-auth:22.3.0] AndroidManifest.xml:70:17-109
124                android:value="com.google.firebase.components.ComponentRegistrar" />
124-->[com.google.firebase:firebase-auth:22.3.0] AndroidManifest.xml:71:17-82
125            <meta-data
125-->[com.google.firebase:firebase-database:20.3.0] AndroidManifest.xml:29:13-31:85
126                android:name="com.google.firebase.components:com.google.firebase.database.FirebaseDatabaseKtxRegistrar"
126-->[com.google.firebase:firebase-database:20.3.0] AndroidManifest.xml:30:17-120
127                android:value="com.google.firebase.components.ComponentRegistrar" />
127-->[com.google.firebase:firebase-database:20.3.0] AndroidManifest.xml:31:17-82
128            <meta-data
128-->[com.google.firebase:firebase-database:20.3.0] AndroidManifest.xml:32:13-34:85
129                android:name="com.google.firebase.components:com.google.firebase.database.DatabaseRegistrar"
129-->[com.google.firebase:firebase-database:20.3.0] AndroidManifest.xml:33:17-109
130                android:value="com.google.firebase.components.ComponentRegistrar" />
130-->[com.google.firebase:firebase-database:20.3.0] AndroidManifest.xml:34:17-82
131            <meta-data
131-->[com.google.android.gms:play-services-measurement-api:21.5.0] AndroidManifest.xml:37:13-39:85
132                android:name="com.google.firebase.components:com.google.firebase.analytics.connector.internal.AnalyticsConnectorRegistrar"
132-->[com.google.android.gms:play-services-measurement-api:21.5.0] AndroidManifest.xml:38:17-139
133                android:value="com.google.firebase.components.ComponentRegistrar" />
133-->[com.google.android.gms:play-services-measurement-api:21.5.0] AndroidManifest.xml:39:17-82
134            <meta-data
134-->[com.google.firebase:firebase-installations:17.2.0] AndroidManifest.xml:15:13-17:85
135                android:name="com.google.firebase.components:com.google.firebase.installations.FirebaseInstallationsKtxRegistrar"
135-->[com.google.firebase:firebase-installations:17.2.0] AndroidManifest.xml:16:17-130
136                android:value="com.google.firebase.components.ComponentRegistrar" />
136-->[com.google.firebase:firebase-installations:17.2.0] AndroidManifest.xml:17:17-82
137            <meta-data
137-->[com.google.firebase:firebase-installations:17.2.0] AndroidManifest.xml:18:13-20:85
138                android:name="com.google.firebase.components:com.google.firebase.installations.FirebaseInstallationsRegistrar"
138-->[com.google.firebase:firebase-installations:17.2.0] AndroidManifest.xml:19:17-127
139                android:value="com.google.firebase.components.ComponentRegistrar" />
139-->[com.google.firebase:firebase-installations:17.2.0] AndroidManifest.xml:20:17-82
140            <meta-data
140-->[com.google.firebase:firebase-common-ktx:20.4.2] AndroidManifest.xml:12:13-14:85
141                android:name="com.google.firebase.components:com.google.firebase.ktx.FirebaseCommonLegacyRegistrar"
141-->[com.google.firebase:firebase-common-ktx:20.4.2] AndroidManifest.xml:13:17-116
142                android:value="com.google.firebase.components.ComponentRegistrar" />
142-->[com.google.firebase:firebase-common-ktx:20.4.2] AndroidManifest.xml:14:17-82
143            <meta-data
143-->[com.google.firebase:firebase-common:20.4.2] AndroidManifest.xml:35:13-37:85
144                android:name="com.google.firebase.components:com.google.firebase.FirebaseCommonKtxRegistrar"
144-->[com.google.firebase:firebase-common:20.4.2] AndroidManifest.xml:36:17-109
145                android:value="com.google.firebase.components.ComponentRegistrar" />
145-->[com.google.firebase:firebase-common:20.4.2] AndroidManifest.xml:37:17-82
146        </service>
147        <service
147-->[com.google.android.gms:play-services-mlkit-barcode-scanning:18.3.0] AndroidManifest.xml:9:9-15:19
148            android:name="com.google.mlkit.common.internal.MlKitComponentDiscoveryService"
148-->[com.google.android.gms:play-services-mlkit-barcode-scanning:18.3.0] AndroidManifest.xml:10:13-91
149            android:directBootAware="true"
149-->[com.google.mlkit:common:18.9.0] AndroidManifest.xml:17:13-43
150            android:exported="false" >
150-->[com.google.android.gms:play-services-mlkit-barcode-scanning:18.3.0] AndroidManifest.xml:11:13-37
151            <meta-data
151-->[com.google.android.gms:play-services-mlkit-barcode-scanning:18.3.0] AndroidManifest.xml:12:13-14:85
152                android:name="com.google.firebase.components:com.google.mlkit.vision.barcode.internal.BarcodeRegistrar"
152-->[com.google.android.gms:play-services-mlkit-barcode-scanning:18.3.0] AndroidManifest.xml:13:17-120
153                android:value="com.google.firebase.components.ComponentRegistrar" />
153-->[com.google.android.gms:play-services-mlkit-barcode-scanning:18.3.0] AndroidManifest.xml:14:17-82
154            <meta-data
154-->[com.google.mlkit:vision-common:17.3.0] AndroidManifest.xml:12:13-14:85
155                android:name="com.google.firebase.components:com.google.mlkit.vision.common.internal.VisionCommonRegistrar"
155-->[com.google.mlkit:vision-common:17.3.0] AndroidManifest.xml:13:17-124
156                android:value="com.google.firebase.components.ComponentRegistrar" />
156-->[com.google.mlkit:vision-common:17.3.0] AndroidManifest.xml:14:17-82
157            <meta-data
157-->[com.google.mlkit:common:18.9.0] AndroidManifest.xml:20:13-22:85
158                android:name="com.google.firebase.components:com.google.mlkit.common.internal.CommonComponentRegistrar"
158-->[com.google.mlkit:common:18.9.0] AndroidManifest.xml:21:17-120
159                android:value="com.google.firebase.components.ComponentRegistrar" />
159-->[com.google.mlkit:common:18.9.0] AndroidManifest.xml:22:17-82
160        </service>
161
162        <provider
162-->[com.google.mlkit:common:18.9.0] AndroidManifest.xml:9:9-13:38
163            android:name="com.google.mlkit.common.internal.MlKitInitProvider"
163-->[com.google.mlkit:common:18.9.0] AndroidManifest.xml:10:13-78
164            android:authorities="com.example.gifs_watcher.mlkitinitprovider"
164-->[com.google.mlkit:common:18.9.0] AndroidManifest.xml:11:13-69
165            android:exported="false"
165-->[com.google.mlkit:common:18.9.0] AndroidManifest.xml:12:13-37
166            android:initOrder="99" />
166-->[com.google.mlkit:common:18.9.0] AndroidManifest.xml:13:13-35
167
168        <receiver
168-->[com.google.android.gms:play-services-measurement:21.5.0] AndroidManifest.xml:29:9-33:20
169            android:name="com.google.android.gms.measurement.AppMeasurementReceiver"
169-->[com.google.android.gms:play-services-measurement:21.5.0] AndroidManifest.xml:30:13-85
170            android:enabled="true"
170-->[com.google.android.gms:play-services-measurement:21.5.0] AndroidManifest.xml:31:13-35
171            android:exported="false" >
171-->[com.google.android.gms:play-services-measurement:21.5.0] AndroidManifest.xml:32:13-37
172        </receiver>
173
174        <service
174-->[com.google.android.gms:play-services-measurement:21.5.0] AndroidManifest.xml:35:9-38:40
175            android:name="com.google.android.gms.measurement.AppMeasurementService"
175-->[com.google.android.gms:play-services-measurement:21.5.0] AndroidManifest.xml:36:13-84
176            android:enabled="true"
176-->[com.google.android.gms:play-services-measurement:21.5.0] AndroidManifest.xml:37:13-35
177            android:exported="false" />
177-->[com.google.android.gms:play-services-measurement:21.5.0] AndroidManifest.xml:38:13-37
178        <service
178-->[com.google.android.gms:play-services-measurement:21.5.0] AndroidManifest.xml:39:9-43:72
179            android:name="com.google.android.gms.measurement.AppMeasurementJobService"
179-->[com.google.android.gms:play-services-measurement:21.5.0] AndroidManifest.xml:40:13-87
180            android:enabled="true"
180-->[com.google.android.gms:play-services-measurement:21.5.0] AndroidManifest.xml:41:13-35
181            android:exported="false"
181-->[com.google.android.gms:play-services-measurement:21.5.0] AndroidManifest.xml:42:13-37
182            android:permission="android.permission.BIND_JOB_SERVICE" />
182-->[com.google.android.gms:play-services-measurement:21.5.0] AndroidManifest.xml:43:13-69
183
184        <property
184-->[com.google.android.gms:play-services-measurement-api:21.5.0] AndroidManifest.xml:30:9-32:61
185            android:name="android.adservices.AD_SERVICES_CONFIG"
185-->[com.google.android.gms:play-services-measurement-api:21.5.0] AndroidManifest.xml:31:13-65
186            android:resource="@xml/ga_ad_services_config" />
186-->[com.google.android.gms:play-services-measurement-api:21.5.0] AndroidManifest.xml:32:13-58
187
188        <provider
188-->[com.google.firebase:firebase-common:20.4.2] AndroidManifest.xml:23:9-28:39
189            android:name="com.google.firebase.provider.FirebaseInitProvider"
189-->[com.google.firebase:firebase-common:20.4.2] AndroidManifest.xml:24:13-77
190            android:authorities="com.example.gifs_watcher.firebaseinitprovider"
190-->[com.google.firebase:firebase-common:20.4.2] AndroidManifest.xml:25:13-72
191            android:directBootAware="true"
191-->[com.google.firebase:firebase-common:20.4.2] AndroidManifest.xml:26:13-43
192            android:exported="false"
192-->[com.google.firebase:firebase-common:20.4.2] AndroidManifest.xml:27:13-37
193            android:initOrder="100" />
193-->[com.google.firebase:firebase-common:20.4.2] AndroidManifest.xml:28:13-36
194
195        <activity
195-->[com.google.android.gms:play-services-base:18.1.0] AndroidManifest.xml:20:9-22:45
196            android:name="com.google.android.gms.common.api.GoogleApiActivity"
196-->[com.google.android.gms:play-services-base:18.1.0] AndroidManifest.xml:20:19-85
197            android:exported="false"
197-->[com.google.android.gms:play-services-base:18.1.0] AndroidManifest.xml:22:19-43
198            android:theme="@android:style/Theme.Translucent.NoTitleBar" />
198-->[com.google.android.gms:play-services-base:18.1.0] AndroidManifest.xml:21:19-78
199
200        <uses-library
200-->[androidx.privacysandbox.ads:ads-adservices:1.0.0-beta05] AndroidManifest.xml:23:9-25:40
201            android:name="android.ext.adservices"
201-->[androidx.privacysandbox.ads:ads-adservices:1.0.0-beta05] AndroidManifest.xml:24:13-50
202            android:required="false" />
202-->[androidx.privacysandbox.ads:ads-adservices:1.0.0-beta05] AndroidManifest.xml:25:13-37
203
204        <meta-data
204-->[com.google.android.gms:play-services-basement:18.1.0] AndroidManifest.xml:21:9-23:69
205            android:name="com.google.android.gms.version"
205-->[com.google.android.gms:play-services-basement:18.1.0] AndroidManifest.xml:22:13-58
206            android:value="@integer/google_play_services_version" />
206-->[com.google.android.gms:play-services-basement:18.1.0] AndroidManifest.xml:23:13-66
207
208        <uses-library
208-->[androidx.window:window:1.0.0] AndroidManifest.xml:25:9-27:40
209            android:name="androidx.window.extensions"
209-->[androidx.window:window:1.0.0] AndroidManifest.xml:26:13-54
210            android:required="false" />
210-->[androidx.window:window:1.0.0] AndroidManifest.xml:27:13-37
211        <uses-library
211-->[androidx.window:window:1.0.0] AndroidManifest.xml:28:9-30:40
212            android:name="androidx.window.sidecar"
212-->[androidx.window:window:1.0.0] AndroidManifest.xml:29:13-51
213            android:required="false" />
213-->[androidx.window:window:1.0.0] AndroidManifest.xml:30:13-37
214
215        <service
215-->[androidx.room:room-runtime:2.6.0] AndroidManifest.xml:24:9-28:63
216            android:name="androidx.room.MultiInstanceInvalidationService"
216-->[androidx.room:room-runtime:2.6.0] AndroidManifest.xml:25:13-74
217            android:directBootAware="true"
217-->[androidx.room:room-runtime:2.6.0] AndroidManifest.xml:26:13-43
218            android:exported="false" />
218-->[androidx.room:room-runtime:2.6.0] AndroidManifest.xml:27:13-37
219
220        <provider
220-->[com.squareup.picasso:picasso:2.8] AndroidManifest.xml:8:9-11:40
221            android:name="com.squareup.picasso.PicassoProvider"
221-->[com.squareup.picasso:picasso:2.8] AndroidManifest.xml:9:13-64
222            android:authorities="com.example.gifs_watcher.com.squareup.picasso"
222-->[com.squareup.picasso:picasso:2.8] AndroidManifest.xml:10:13-72
223            android:exported="false" />
223-->[com.squareup.picasso:picasso:2.8] AndroidManifest.xml:11:13-37
224
225        <receiver
225-->[androidx.profileinstaller:profileinstaller:1.3.0] AndroidManifest.xml:34:9-52:20
226            android:name="androidx.profileinstaller.ProfileInstallReceiver"
226-->[androidx.profileinstaller:profileinstaller:1.3.0] AndroidManifest.xml:35:13-76
227            android:directBootAware="false"
227-->[androidx.profileinstaller:profileinstaller:1.3.0] AndroidManifest.xml:36:13-44
228            android:enabled="true"
228-->[androidx.profileinstaller:profileinstaller:1.3.0] AndroidManifest.xml:37:13-35
229            android:exported="true"
229-->[androidx.profileinstaller:profileinstaller:1.3.0] AndroidManifest.xml:38:13-36
230            android:permission="android.permission.DUMP" >
230-->[androidx.profileinstaller:profileinstaller:1.3.0] AndroidManifest.xml:39:13-57
231            <intent-filter>
231-->[androidx.profileinstaller:profileinstaller:1.3.0] AndroidManifest.xml:40:13-42:29
232                <action android:name="androidx.profileinstaller.action.INSTALL_PROFILE" />
232-->[androidx.profileinstaller:profileinstaller:1.3.0] AndroidManifest.xml:41:17-91
232-->[androidx.profileinstaller:profileinstaller:1.3.0] AndroidManifest.xml:41:25-88
233            </intent-filter>
234            <intent-filter>
234-->[androidx.profileinstaller:profileinstaller:1.3.0] AndroidManifest.xml:43:13-45:29
235                <action android:name="androidx.profileinstaller.action.SKIP_FILE" />
235-->[androidx.profileinstaller:profileinstaller:1.3.0] AndroidManifest.xml:44:17-85
235-->[androidx.profileinstaller:profileinstaller:1.3.0] AndroidManifest.xml:44:25-82
236            </intent-filter>
237            <intent-filter>
237-->[androidx.profileinstaller:profileinstaller:1.3.0] AndroidManifest.xml:46:13-48:29
238                <action android:name="androidx.profileinstaller.action.SAVE_PROFILE" />
238-->[androidx.profileinstaller:profileinstaller:1.3.0] AndroidManifest.xml:47:17-88
238-->[androidx.profileinstaller:profileinstaller:1.3.0] AndroidManifest.xml:47:25-85
239            </intent-filter>
240            <intent-filter>
240-->[androidx.profileinstaller:profileinstaller:1.3.0] AndroidManifest.xml:49:13-51:29
241                <action android:name="androidx.profileinstaller.action.BENCHMARK_OPERATION" />
241-->[androidx.profileinstaller:profileinstaller:1.3.0] AndroidManifest.xml:50:17-95
241-->[androidx.profileinstaller:profileinstaller:1.3.0] AndroidManifest.xml:50:25-92
242            </intent-filter>
243        </receiver>
244
245        <service
245-->[com.google.android.datatransport:transport-backend-cct:2.3.3] AndroidManifest.xml:29:9-35:19
246            android:name="com.google.android.datatransport.runtime.backends.TransportBackendDiscovery"
246-->[com.google.android.datatransport:transport-backend-cct:2.3.3] AndroidManifest.xml:30:13-103
247            android:exported="false" >
247-->[com.google.android.datatransport:transport-backend-cct:2.3.3] AndroidManifest.xml:31:13-37
248            <meta-data
248-->[com.google.android.datatransport:transport-backend-cct:2.3.3] AndroidManifest.xml:32:13-34:39
249                android:name="backend:com.google.android.datatransport.cct.CctBackendFactory"
249-->[com.google.android.datatransport:transport-backend-cct:2.3.3] AndroidManifest.xml:33:17-94
250                android:value="cct" />
250-->[com.google.android.datatransport:transport-backend-cct:2.3.3] AndroidManifest.xml:34:17-36
251        </service>
252        <service
252-->[com.google.android.datatransport:transport-runtime:2.2.6] AndroidManifest.xml:26:9-30:19
253            android:name="com.google.android.datatransport.runtime.scheduling.jobscheduling.JobInfoSchedulerService"
253-->[com.google.android.datatransport:transport-runtime:2.2.6] AndroidManifest.xml:27:13-117
254            android:exported="false"
254-->[com.google.android.datatransport:transport-runtime:2.2.6] AndroidManifest.xml:28:13-37
255            android:permission="android.permission.BIND_JOB_SERVICE" >
255-->[com.google.android.datatransport:transport-runtime:2.2.6] AndroidManifest.xml:29:13-69
256        </service>
257
258        <receiver
258-->[com.google.android.datatransport:transport-runtime:2.2.6] AndroidManifest.xml:32:9-34:40
259            android:name="com.google.android.datatransport.runtime.scheduling.jobscheduling.AlarmManagerSchedulerBroadcastReceiver"
259-->[com.google.android.datatransport:transport-runtime:2.2.6] AndroidManifest.xml:33:13-132
260            android:exported="false" />